28-Nov-2015 14:22:25.787 INFO [main] org.apache.catalina.startup.VersionLoggerListener.log Server version:        Apache Tomcat/8.0.28
28-Nov-2015 14:22:25.789 INFO [main] org.apache.catalina.startup.VersionLoggerListener.log Server built:          Oct 7 2015 18:25:21 UTC
28-Nov-2015 14:22:25.789 INFO [main] org.apache.catalina.startup.VersionLoggerListener.log Server number:         8.0.28.0
28-Nov-2015 14:22:25.789 INFO [main] org.apache.catalina.startup.VersionLoggerListener.log OS Name:               Linux
28-Nov-2015 14:22:25.790 INFO [main] org.apache.catalina.startup.VersionLoggerListener.log OS Version:            4.2.0-16-generic
28-Nov-2015 14:22:25.790 INFO [main] org.apache.catalina.startup.VersionLoggerListener.log Architecture:          amd64
28-Nov-2015 14:22:25.790 INFO [main] org.apache.catalina.startup.VersionLoggerListener.log Java Home:             /home/ubuntu/jdk1.8.0_65/jre
28-Nov-2015 14:22:25.790 INFO [main] org.apache.catalina.startup.VersionLoggerListener.log JVM Version:           1.8.0_65-b17
28-Nov-2015 14:22:25.790 INFO [main] org.apache.catalina.startup.VersionLoggerListener.log JVM Vendor:            Oracle Corporation
28-Nov-2015 14:22:25.790 INFO [main] org.apache.catalina.startup.VersionLoggerListener.log CATALINA_BASE:         /home/ubuntu/桌面/apache-tomcat-8.0.28
28-Nov-2015 14:22:25.790 INFO [main] org.apache.catalina.startup.VersionLoggerListener.log CATALINA_HOME:         /home/ubuntu/桌面/apache-tomcat-8.0.28
28-Nov-2015 14:22:25.791 INFO [main] org.apache.catalina.startup.VersionLoggerListener.log Command line argument: -Djava.util.logging.config.file=/home/ubuntu/桌面/apache-tomcat-8.0.28/conf/logging.properties
28-Nov-2015 14:22:25.791 INFO [main] org.apache.catalina.startup.VersionLoggerListener.log Command line argument: -Djava.util.logging.manager=org.apache.juli.ClassLoaderLogManager
28-Nov-2015 14:22:25.791 INFO [main] org.apache.catalina.startup.VersionLoggerListener.log Command line argument: -Djava.endorsed.dirs=/home/ubuntu/桌面/apache-tomcat-8.0.28/endorsed
28-Nov-2015 14:22:25.791 INFO [main] org.apache.catalina.startup.VersionLoggerListener.log Command line argument: -Dcatalina.base=/home/ubuntu/桌面/apache-tomcat-8.0.28
28-Nov-2015 14:22:25.791 INFO [main] org.apache.catalina.startup.VersionLoggerListener.log Command line argument: -Dcatalina.home=/home/ubuntu/桌面/apache-tomcat-8.0.28
28-Nov-2015 14:22:25.791 INFO [main] org.apache.catalina.startup.VersionLoggerListener.log Command line argument: -Djava.io.tmpdir=/home/ubuntu/桌面/apache-tomcat-8.0.28/temp
28-Nov-2015 14:22:25.792 INFO [main] org.apache.catalina.core.AprLifecycleListener.lifecycleEvent The APR based Apache Tomcat Native library which allows optimal performance in production environments was not found on the java.library.path: /usr/java/packages/lib/amd64:/usr/lib64:/lib64:/lib:/usr/lib
28-Nov-2015 14:22:25.955 INFO [main] org.apache.coyote.AbstractProtocol.init Initializing ProtocolHandler ["http-nio-8080"]
28-Nov-2015 14:22:25.976 INFO [main] org.apache.tomcat.util.net.NioSelectorPool.getSharedSelector Using a shared selector for servlet write/read
28-Nov-2015 14:22:25.978 INFO [main] org.apache.coyote.AbstractProtocol.init Initializing ProtocolHandler ["ajp-nio-8009"]
28-Nov-2015 14:22:25.980 SEVERE [main] org.apache.coyote.AbstractProtocol.init Failed to initialize end point associated with ProtocolHandler ["ajp-nio-8009"]
 java.net.BindException: Address already in use
	at sun.nio.ch.Net.bind0(Native Method)
	at sun.nio.ch.Net.bind(Net.java:433)
	at sun.nio.ch.Net.bind(Net.java:425)
	at sun.nio.ch.ServerSocketChannelImpl.bind(ServerSocketChannelImpl.java:223)
	at sun.nio.ch.ServerSocketAdaptor.bind(ServerSocketAdaptor.java:74)
	at org.apache.tomcat.util.net.NioEndpoint.bind(NioEndpoint.java:340)
	at org.apache.tomcat.util.net.AbstractEndpoint.init(AbstractEndpoint.java:742)
	at org.apache.coyote.AbstractProtocol.init(AbstractProtocol.java:457)
	at org.apache.catalina.connector.Connector.initInternal(Connector.java:960)
	at org.apache.catalina.util.LifecycleBase.init(LifecycleBase.java:102)
	at org.apache.catalina.core.StandardService.initInternal(StandardService.java:567)
	at org.apache.catalina.util.LifecycleBase.init(LifecycleBase.java:102)
	at org.apache.catalina.core.StandardServer.initInternal(StandardServer.java:851)
	at org.apache.catalina.util.LifecycleBase.init(LifecycleBase.java:102)
	at org.apache.catalina.startup.Catalina.load(Catalina.java:576)
	at org.apache.catalina.startup.Catalina.load(Catalina.java:599)
	at sun.reflect.NativeMethodAccessorImpl.invoke0(Native Method)
	at sun.reflect.NativeMethodAccessorImpl.invoke(NativeMethodAccessorImpl.java:62)
	at sun.reflect.DelegatingMethodAccessorImpl.invoke(DelegatingMethodAccessorImpl.java:43)
	at java.lang.reflect.Method.invoke(Method.java:497)
	at org.apache.catalina.startup.Bootstrap.load(Bootstrap.java:310)
	at org.apache.catalina.startup.Bootstrap.main(Bootstrap.java:484)

28-Nov-2015 14:22:25.982 SEVERE [main] org.apache.catalina.core.StandardService.initInternal Failed to initialize connector [Connector[AJP/1.3-8009]]
 org.apache.catalina.LifecycleException: Failed to initialize component [Connector[AJP/1.3-8009]]
	at org.apache.catalina.util.LifecycleBase.init(LifecycleBase.java:106)
	at org.apache.catalina.core.StandardService.initInternal(StandardService.java:567)
	at org.apache.catalina.util.LifecycleBase.init(LifecycleBase.java:102)
	at org.apache.catalina.core.StandardServer.initInternal(StandardServer.java:851)
	at org.apache.catalina.util.LifecycleBase.init(LifecycleBase.java:102)
	at org.apache.catalina.startup.Catalina.load(Catalina.java:576)
	at org.apache.catalina.startup.Catalina.load(Catalina.java:599)
	at sun.reflect.NativeMethodAccessorImpl.invoke0(Native Method)
	at sun.reflect.NativeMethodAccessorImpl.invoke(NativeMethodAccessorImpl.java:62)
	at sun.reflect.DelegatingMethodAccessorImpl.invoke(DelegatingMethodAccessorImpl.java:43)
	at java.lang.reflect.Method.invoke(Method.java:497)
	at org.apache.catalina.startup.Bootstrap.load(Bootstrap.java:310)
	at org.apache.catalina.startup.Bootstrap.main(Bootstrap.java:484)
Caused by: org.apache.catalina.LifecycleException: Protocol handler initialization failed
	at org.apache.catalina.connector.Connector.initInternal(Connector.java:962)
	at org.apache.catalina.util.LifecycleBase.init(LifecycleBase.java:102)
	... 12 more
Caused by: java.net.BindException: Address already in use
	at sun.nio.ch.Net.bind0(Native Method)
	at sun.nio.ch.Net.bind(Net.java:433)
	at sun.nio.ch.Net.bind(Net.java:425)
	at sun.nio.ch.ServerSocketChannelImpl.bind(ServerSocketChannelImpl.java:223)
	at sun.nio.ch.ServerSocketAdaptor.bind(ServerSocketAdaptor.java:74)
	at org.apache.tomcat.util.net.NioEndpoint.bind(NioEndpoint.java:340)
	at org.apache.tomcat.util.net.AbstractEndpoint.init(AbstractEndpoint.java:742)
	at org.apache.coyote.AbstractProtocol.init(AbstractProtocol.java:457)
	at org.apache.catalina.connector.Connector.initInternal(Connector.java:960)
	... 13 more

28-Nov-2015 14:22:25.982 INFO [main] org.apache.catalina.startup.Catalina.load Initialization processed in 638 ms
28-Nov-2015 14:22:26.005 INFO [main] org.apache.catalina.core.StandardService.startInternal Starting service Catalina
28-Nov-2015 14:22:26.006 INFO [main] org.apache.catalina.core.StandardEngine.startInternal Starting Servlet Engine: Apache Tomcat/8.0.28
28-Nov-2015 14:22:26.018 INFO [localhost-startStop-1] org.apache.catalina.startup.HostConfig.deployDirectory Deploying web application directory /home/ubuntu/桌面/apache-tomcat-8.0.28/webapps/host-manager
28-Nov-2015 14:22:26.451 INFO [localhost-startStop-1] org.apache.jasper.servlet.TldScanner.scanJars At least one JAR was scanned for TLDs yet contained no TLDs. Enable debug logging for this logger for a complete list of JARs that were scanned but no TLDs were found in them. Skipping unneeded JARs during scanning can improve startup time and JSP compilation time.
28-Nov-2015 14:22:26.517 INFO [localhost-startStop-1] org.apache.catalina.startup.HostConfig.deployDirectory Deployment of web application directory /home/ubuntu/桌面/apache-tomcat-8.0.28/webapps/host-manager has finished in 499 ms
28-Nov-2015 14:22:26.518 INFO [localhost-startStop-1] org.apache.catalina.startup.HostConfig.deployDirectory Deploying web application directory /home/ubuntu/桌面/apache-tomcat-8.0.28/webapps/examples
28-Nov-2015 14:22:26.886 INFO [localhost-startStop-1] org.apache.jasper.servlet.TldScanner.scanJars At least one JAR was scanned for TLDs yet contained no TLDs. Enable debug logging for this logger for a complete list of JARs that were scanned but no TLDs were found in them. Skipping unneeded JARs during scanning can improve startup time and JSP compilation time.
28-Nov-2015 14:22:26.960 INFO [localhost-startStop-1] org.apache.catalina.startup.HostConfig.deployDirectory Deployment of web application directory /home/ubuntu/桌面/apache-tomcat-8.0.28/webapps/examples has finished in 442 ms
28-Nov-2015 14:22:26.960 INFO [localhost-startStop-1] org.apache.catalina.startup.HostConfig.deployDirectory Deploying web application directory /home/ubuntu/桌面/apache-tomcat-8.0.28/webapps/manager
28-Nov-2015 14:22:27.073 INFO [localhost-startStop-1] org.apache.jasper.servlet.TldScanner.scanJars At least one JAR was scanned for TLDs yet contained no TLDs. Enable debug logging for this logger for a complete list of JARs that were scanned but no TLDs were found in them. Skipping unneeded JARs during scanning can improve startup time and JSP compilation time.
28-Nov-2015 14:22:27.075 INFO [localhost-startStop-1] org.apache.catalina.startup.HostConfig.deployDirectory Deployment of web application directory /home/ubuntu/桌面/apache-tomcat-8.0.28/webapps/manager has finished in 115 ms
28-Nov-2015 14:22:27.075 INFO [localhost-startStop-1] org.apache.catalina.startup.HostConfig.deployDirectory Deploying web application directory /home/ubuntu/桌面/apache-tomcat-8.0.28/webapps/docs
28-Nov-2015 14:22:27.175 INFO [localhost-startStop-1] org.apache.jasper.servlet.TldScanner.scanJars At least one JAR was scanned for TLDs yet contained no TLDs. Enable debug logging for this logger for a complete list of JARs that were scanned but no TLDs were found in them. Skipping unneeded JARs during scanning can improve startup time and JSP compilation time.
28-Nov-2015 14:22:27.177 INFO [localhost-startStop-1] org.apache.catalina.startup.HostConfig.deployDirectory Deployment of web application directory /home/ubuntu/桌面/apache-tomcat-8.0.28/webapps/docs has finished in 102 ms
28-Nov-2015 14:22:27.177 INFO [localhost-startStop-1] org.apache.catalina.startup.HostConfig.deployDirectory Deploying web application directory /home/ubuntu/桌面/apache-tomcat-8.0.28/webapps/ROOT
28-Nov-2015 14:22:27.261 INFO [localhost-startStop-1] org.apache.jasper.servlet.TldScanner.scanJars At least one JAR was scanned for TLDs yet contained no TLDs. Enable debug logging for this logger for a complete list of JARs that were scanned but no TLDs were found in them. Skipping unneeded JARs during scanning can improve startup time and JSP compilation time.
28-Nov-2015 14:22:27.263 INFO [localhost-startStop-1] org.apache.catalina.startup.HostConfig.deployDirectory Deployment of web application directory /home/ubuntu/桌面/apache-tomcat-8.0.28/webapps/ROOT has finished in 86 ms
28-Nov-2015 14:22:27.267 INFO [main] org.apache.coyote.AbstractProtocol.start Starting ProtocolHandler ["http-nio-8080"]
28-Nov-2015 14:22:27.280 INFO [main] org.apache.catalina.startup.Catalina.start Server startup in 1297 ms
28-Nov-2015 14:22:27.282 SEVERE [main] org.apache.catalina.core.StandardServer.await StandardServer.await: create[localhost:8005]: 
 java.net.BindException: Address already in use
	at java.net.PlainSocketImpl.socketBind(Native Method)
	at java.net.AbstractPlainSocketImpl.bind(AbstractPlainSocketImpl.java:387)
	at java.net.ServerSocket.bind(ServerSocket.java:375)
	at java.net.ServerSocket.<init>(ServerSocket.java:237)
	at org.apache.catalina.core.StandardServer.await(StandardServer.java:420)
	at org.apache.catalina.startup.Catalina.await(Catalina.java:713)
	at org.apache.catalina.startup.Catalina.start(Catalina.java:659)
	at sun.reflect.NativeMethodAccessorImpl.invoke0(Native Method)
	at sun.reflect.NativeMethodAccessorImpl.invoke(NativeMethodAccessorImpl.java:62)
	at sun.reflect.DelegatingMethodAccessorImpl.invoke(DelegatingMethodAccessorImpl.java:43)
	at java.lang.reflect.Method.invoke(Method.java:497)
	at org.apache.catalina.startup.Bootstrap.start(Bootstrap.java:351)
	at org.apache.catalina.startup.Bootstrap.main(Bootstrap.java:485)

28-Nov-2015 14:22:27.282 INFO [main] org.apache.coyote.AbstractProtocol.pause Pausing ProtocolHandler ["http-nio-8080"]
28-Nov-2015 14:22:27.335 INFO [main] org.apache.coyote.AbstractProtocol.pause Pausing ProtocolHandler ["ajp-nio-8009"]
28-Nov-2015 14:22:27.335 INFO [main] org.apache.catalina.core.StandardService.stopInternal Stopping service Catalina
28-Nov-2015 14:22:27.367 INFO [main] org.apache.coyote.AbstractProtocol.stop Stopping ProtocolHandler ["http-nio-8080"]
28-Nov-2015 14:22:27.369 INFO [main] org.apache.coyote.AbstractProtocol.destroy Destroying ProtocolHandler ["http-nio-8080"]
28-Nov-2015 14:22:27.370 INFO [main] org.apache.coyote.AbstractProtocol.stop Stopping ProtocolHandler ["ajp-nio-8009"]
28-Nov-2015 14:22:27.370 INFO [main] org.apache.coyote.AbstractProtocol.destroy Destroying ProtocolHandler ["ajp-nio-8009"]
28-Nov-2015 14:25:33.284 INFO [main] org.apache.catalina.startup.VersionLoggerListener.log Server version:        Apache Tomcat/8.0.28
28-Nov-2015 14:25:33.286 INFO [main] org.apache.catalina.startup.VersionLoggerListener.log Server built:          Oct 7 2015 18:25:21 UTC
28-Nov-2015 14:25:33.286 INFO [main] org.apache.catalina.startup.VersionLoggerListener.log Server number:         8.0.28.0
28-Nov-2015 14:25:33.286 INFO [main] org.apache.catalina.startup.VersionLoggerListener.log OS Name:               Linux
28-Nov-2015 14:25:33.286 INFO [main] org.apache.catalina.startup.VersionLoggerListener.log OS Version:            4.2.0-16-generic
28-Nov-2015 14:25:33.287 INFO [main] org.apache.catalina.startup.VersionLoggerListener.log Architecture:          amd64
28-Nov-2015 14:25:33.287 INFO [main] org.apache.catalina.startup.VersionLoggerListener.log Java Home:             /home/ubuntu/jdk1.8.0_65/jre
28-Nov-2015 14:25:33.287 INFO [main] org.apache.catalina.startup.VersionLoggerListener.log JVM Version:           1.8.0_65-b17
28-Nov-2015 14:25:33.287 INFO [main] org.apache.catalina.startup.VersionLoggerListener.log JVM Vendor:            Oracle Corporation
28-Nov-2015 14:25:33.287 INFO [main] org.apache.catalina.startup.VersionLoggerListener.log CATALINA_BASE:         /home/ubuntu/桌面/apache-tomcat-8.0.28
28-Nov-2015 14:25:33.287 INFO [main] org.apache.catalina.startup.VersionLoggerListener.log CATALINA_HOME:         /home/ubuntu/桌面/apache-tomcat-8.0.28
28-Nov-2015 14:25:33.288 INFO [main] org.apache.catalina.startup.VersionLoggerListener.log Command line argument: -Djava.util.logging.config.file=/home/ubuntu/桌面/apache-tomcat-8.0.28/conf/logging.properties
28-Nov-2015 14:25:33.288 INFO [main] org.apache.catalina.startup.VersionLoggerListener.log Command line argument: -Djava.util.logging.manager=org.apache.juli.ClassLoaderLogManager
28-Nov-2015 14:25:33.288 INFO [main] org.apache.catalina.startup.VersionLoggerListener.log Command line argument: -Djava.endorsed.dirs=/home/ubuntu/桌面/apache-tomcat-8.0.28/endorsed
28-Nov-2015 14:25:33.288 INFO [main] org.apache.catalina.startup.VersionLoggerListener.log Command line argument: -Dcatalina.base=/home/ubuntu/桌面/apache-tomcat-8.0.28
28-Nov-2015 14:25:33.288 INFO [main] org.apache.catalina.startup.VersionLoggerListener.log Command line argument: -Dcatalina.home=/home/ubuntu/桌面/apache-tomcat-8.0.28
28-Nov-2015 14:25:33.288 INFO [main] org.apache.catalina.startup.VersionLoggerListener.log Command line argument: -Djava.io.tmpdir=/home/ubuntu/桌面/apache-tomcat-8.0.28/temp
28-Nov-2015 14:25:33.289 INFO [main] org.apache.catalina.core.AprLifecycleListener.lifecycleEvent The APR based Apache Tomcat Native library which allows optimal performance in production environments was not found on the java.library.path: /usr/java/packages/lib/amd64:/usr/lib64:/lib64:/lib:/usr/lib
28-Nov-2015 14:25:33.479 INFO [main] org.apache.coyote.AbstractProtocol.init Initializing ProtocolHandler ["http-nio-8080"]
28-Nov-2015 14:25:33.506 INFO [main] org.apache.tomcat.util.net.NioSelectorPool.getSharedSelector Using a shared selector for servlet write/read
28-Nov-2015 14:25:33.514 INFO [main] org.apache.coyote.AbstractProtocol.init Initializing ProtocolHandler ["ajp-nio-8009"]
28-Nov-2015 14:25:33.517 INFO [main] org.apache.tomcat.util.net.NioSelectorPool.getSharedSelector Using a shared selector for servlet write/read
28-Nov-2015 14:25:33.517 INFO [main] org.apache.catalina.startup.Catalina.load Initialization processed in 661 ms
28-Nov-2015 14:25:33.542 INFO [main] org.apache.catalina.core.StandardService.startInternal Starting service Catalina
28-Nov-2015 14:25:33.542 INFO [main] org.apache.catalina.core.StandardEngine.startInternal Starting Servlet Engine: Apache Tomcat/8.0.28
28-Nov-2015 14:25:33.552 INFO [localhost-startStop-1] org.apache.catalina.startup.HostConfig.deployDirectory Deploying web application directory /home/ubuntu/桌面/apache-tomcat-8.0.28/webapps/host-manager
28-Nov-2015 14:25:33.945 INFO [localhost-startStop-1] org.apache.jasper.servlet.TldScanner.scanJars At least one JAR was scanned for TLDs yet contained no TLDs. Enable debug logging for this logger for a complete list of JARs that were scanned but no TLDs were found in them. Skipping unneeded JARs during scanning can improve startup time and JSP compilation time.
28-Nov-2015 14:25:34.001 INFO [localhost-startStop-1] org.apache.catalina.startup.HostConfig.deployDirectory Deployment of web application directory /home/ubuntu/桌面/apache-tomcat-8.0.28/webapps/host-manager has finished in 448 ms
28-Nov-2015 14:25:34.011 INFO [localhost-startStop-1] org.apache.catalina.startup.HostConfig.deployDirectory Deploying web application directory /home/ubuntu/桌面/apache-tomcat-8.0.28/webapps/examples
28-Nov-2015 14:25:34.300 INFO [localhost-startStop-1] org.apache.jasper.servlet.TldScanner.scanJars At least one JAR was scanned for TLDs yet contained no TLDs. Enable debug logging for this logger for a complete list of JARs that were scanned but no TLDs were found in them. Skipping unneeded JARs during scanning can improve startup time and JSP compilation time.
28-Nov-2015 14:25:34.348 INFO [localhost-startStop-1] org.apache.catalina.startup.HostConfig.deployDirectory Deployment of web application directory /home/ubuntu/桌面/apache-tomcat-8.0.28/webapps/examples has finished in 337 ms
28-Nov-2015 14:25:34.348 INFO [localhost-startStop-1] org.apache.catalina.startup.HostConfig.deployDirectory Deploying web application directory /home/ubuntu/桌面/apache-tomcat-8.0.28/webapps/manager
28-Nov-2015 14:25:34.457 INFO [localhost-startStop-1] org.apache.jasper.servlet.TldScanner.scanJars At least one JAR was scanned for TLDs yet contained no TLDs. Enable debug logging for this logger for a complete list of JARs that were scanned but no TLDs were found in them. Skipping unneeded JARs during scanning can improve startup time and JSP compilation time.
28-Nov-2015 14:25:34.459 INFO [localhost-startStop-1] org.apache.catalina.startup.HostConfig.deployDirectory Deployment of web application directory /home/ubuntu/桌面/apache-tomcat-8.0.28/webapps/manager has finished in 111 ms
28-Nov-2015 14:25:34.460 INFO [localhost-startStop-1] org.apache.catalina.startup.HostConfig.deployDirectory Deploying web application directory /home/ubuntu/桌面/apache-tomcat-8.0.28/webapps/docs
28-Nov-2015 14:25:34.541 INFO [localhost-startStop-1] org.apache.jasper.servlet.TldScanner.scanJars At least one JAR was scanned for TLDs yet contained no TLDs. Enable debug logging for this logger for a complete list of JARs that were scanned but no TLDs were found in them. Skipping unneeded JARs during scanning can improve startup time and JSP compilation time.
28-Nov-2015 14:25:34.543 INFO [localhost-startStop-1] org.apache.catalina.startup.HostConfig.deployDirectory Deployment of web application directory /home/ubuntu/桌面/apache-tomcat-8.0.28/webapps/docs has finished in 83 ms
28-Nov-2015 14:25:34.543 INFO [localhost-startStop-1] org.apache.catalina.startup.HostConfig.deployDirectory Deploying web application directory /home/ubuntu/桌面/apache-tomcat-8.0.28/webapps/ROOT
28-Nov-2015 14:25:34.621 INFO [localhost-startStop-1] org.apache.jasper.servlet.TldScanner.scanJars At least one JAR was scanned for TLDs yet contained no TLDs. Enable debug logging for this logger for a complete list of JARs that were scanned but no TLDs were found in them. Skipping unneeded JARs during scanning can improve startup time and JSP compilation time.
28-Nov-2015 14:25:34.622 INFO [localhost-startStop-1] org.apache.catalina.startup.HostConfig.deployDirectory Deployment of web application directory /home/ubuntu/桌面/apache-tomcat-8.0.28/webapps/ROOT has finished in 79 ms
28-Nov-2015 14:25:34.626 INFO [main] org.apache.coyote.AbstractProtocol.start Starting ProtocolHandler ["http-nio-8080"]
28-Nov-2015 14:25:34.648 INFO [main] org.apache.coyote.AbstractProtocol.start Starting ProtocolHandler ["ajp-nio-8009"]
28-Nov-2015 14:25:34.650 INFO [main] org.apache.catalina.startup.Catalina.start Server startup in 1132 ms
28-Nov-2015 14:26:47.896 INFO [main] org.apache.catalina.startup.VersionLoggerListener.log Server version:        Apache Tomcat/8.0.28
28-Nov-2015 14:26:47.898 INFO [main] org.apache.catalina.startup.VersionLoggerListener.log Server built:          Oct 7 2015 18:25:21 UTC
28-Nov-2015 14:26:47.898 INFO [main] org.apache.catalina.startup.VersionLoggerListener.log Server number:         8.0.28.0
28-Nov-2015 14:26:47.898 INFO [main] org.apache.catalina.startup.VersionLoggerListener.log OS Name:               Linux
28-Nov-2015 14:26:47.898 INFO [main] org.apache.catalina.startup.VersionLoggerListener.log OS Version:            4.2.0-16-generic
28-Nov-2015 14:26:47.898 INFO [main] org.apache.catalina.startup.VersionLoggerListener.log Architecture:          amd64
28-Nov-2015 14:26:47.898 INFO [main] org.apache.catalina.startup.VersionLoggerListener.log Java Home:             /home/ubuntu/jdk1.8.0_65/jre
28-Nov-2015 14:26:47.898 INFO [main] org.apache.catalina.startup.VersionLoggerListener.log JVM Version:           1.8.0_65-b17
28-Nov-2015 14:26:47.899 INFO [main] org.apache.catalina.startup.VersionLoggerListener.log JVM Vendor:            Oracle Corporation
28-Nov-2015 14:26:47.899 INFO [main] org.apache.catalina.startup.VersionLoggerListener.log CATALINA_BASE:         /home/ubuntu/桌面/apache-tomcat-8.0.28
28-Nov-2015 14:26:47.899 INFO [main] org.apache.catalina.startup.VersionLoggerListener.log CATALINA_HOME:         /home/ubuntu/桌面/apache-tomcat-8.0.28
28-Nov-2015 14:26:47.899 INFO [main] org.apache.catalina.startup.VersionLoggerListener.log Command line argument: -Djava.util.logging.config.file=/home/ubuntu/桌面/apache-tomcat-8.0.28/conf/logging.properties
28-Nov-2015 14:26:47.899 INFO [main] org.apache.catalina.startup.VersionLoggerListener.log Command line argument: -Djava.util.logging.manager=org.apache.juli.ClassLoaderLogManager
28-Nov-2015 14:26:47.900 INFO [main] org.apache.catalina.startup.VersionLoggerListener.log Command line argument: -Djava.endorsed.dirs=/home/ubuntu/桌面/apache-tomcat-8.0.28/endorsed
28-Nov-2015 14:26:47.900 INFO [main] org.apache.catalina.startup.VersionLoggerListener.log Command line argument: -Dcatalina.base=/home/ubuntu/桌面/apache-tomcat-8.0.28
28-Nov-2015 14:26:47.900 INFO [main] org.apache.catalina.startup.VersionLoggerListener.log Command line argument: -Dcatalina.home=/home/ubuntu/桌面/apache-tomcat-8.0.28
28-Nov-2015 14:26:47.900 INFO [main] org.apache.catalina.startup.VersionLoggerListener.log Command line argument: -Djava.io.tmpdir=/home/ubuntu/桌面/apache-tomcat-8.0.28/temp
28-Nov-2015 14:26:47.900 INFO [main] org.apache.catalina.core.AprLifecycleListener.lifecycleEvent The APR based Apache Tomcat Native library which allows optimal performance in production environments was not found on the java.library.path: /usr/java/packages/lib/amd64:/usr/lib64:/lib64:/lib:/usr/lib
28-Nov-2015 14:26:48.065 INFO [main] org.apache.coyote.AbstractProtocol.init Initializing ProtocolHandler ["http-nio-1357"]
28-Nov-2015 14:26:48.086 INFO [main] org.apache.tomcat.util.net.NioSelectorPool.getSharedSelector Using a shared selector for servlet write/read
28-Nov-2015 14:26:48.090 INFO [main] org.apache.coyote.AbstractProtocol.init Initializing ProtocolHandler ["ajp-nio-8009"]
28-Nov-2015 14:26:48.092 INFO [main] org.apache.tomcat.util.net.NioSelectorPool.getSharedSelector Using a shared selector for servlet write/read
28-Nov-2015 14:26:48.093 INFO [main] org.apache.catalina.startup.Catalina.load Initialization processed in 654 ms
28-Nov-2015 14:26:48.119 INFO [main] org.apache.catalina.core.StandardService.startInternal Starting service Catalina
28-Nov-2015 14:26:48.119 INFO [main] org.apache.catalina.core.StandardEngine.startInternal Starting Servlet Engine: Apache Tomcat/8.0.28
28-Nov-2015 14:26:48.130 INFO [localhost-startStop-1] org.apache.catalina.startup.HostConfig.deployDirectory Deploying web application directory /home/ubuntu/桌面/apache-tomcat-8.0.28/webapps/host-manager
28-Nov-2015 14:26:48.521 INFO [localhost-startStop-1] org.apache.jasper.servlet.TldScanner.scanJars At least one JAR was scanned for TLDs yet contained no TLDs. Enable debug logging for this logger for a complete list of JARs that were scanned but no TLDs were found in them. Skipping unneeded JARs during scanning can improve startup time and JSP compilation time.
28-Nov-2015 14:26:48.582 INFO [localhost-startStop-1] org.apache.catalina.startup.HostConfig.deployDirectory Deployment of web application directory /home/ubuntu/桌面/apache-tomcat-8.0.28/webapps/host-manager has finished in 451 ms
28-Nov-2015 14:26:48.591 INFO [localhost-startStop-1] org.apache.catalina.startup.HostConfig.deployDirectory Deploying web application directory /home/ubuntu/桌面/apache-tomcat-8.0.28/webapps/examples
28-Nov-2015 14:26:48.883 INFO [localhost-startStop-1] org.apache.jasper.servlet.TldScanner.scanJars At least one JAR was scanned for TLDs yet contained no TLDs. Enable debug logging for this logger for a complete list of JARs that were scanned but no TLDs were found in them. Skipping unneeded JARs during scanning can improve startup time and JSP compilation time.
28-Nov-2015 14:26:48.932 INFO [localhost-startStop-1] org.apache.catalina.startup.HostConfig.deployDirectory Deployment of web application directory /home/ubuntu/桌面/apache-tomcat-8.0.28/webapps/examples has finished in 349 ms
28-Nov-2015 14:26:48.932 INFO [localhost-startStop-1] org.apache.catalina.startup.HostConfig.deployDirectory Deploying web application directory /home/ubuntu/桌面/apache-tomcat-8.0.28/webapps/manager
28-Nov-2015 14:26:49.037 INFO [localhost-startStop-1] org.apache.jasper.servlet.TldScanner.scanJars At least one JAR was scanned for TLDs yet contained no TLDs. Enable debug logging for this logger for a complete list of JARs that were scanned but no TLDs were found in them. Skipping unneeded JARs during scanning can improve startup time and JSP compilation time.
28-Nov-2015 14:26:49.039 INFO [localhost-startStop-1] org.apache.catalina.startup.HostConfig.deployDirectory Deployment of web application directory /home/ubuntu/桌面/apache-tomcat-8.0.28/webapps/manager has finished in 107 ms
28-Nov-2015 14:26:49.039 INFO [localhost-startStop-1] org.apache.catalina.startup.HostConfig.deployDirectory Deploying web application directory /home/ubuntu/桌面/apache-tomcat-8.0.28/webapps/docs
28-Nov-2015 14:26:49.130 INFO [localhost-startStop-1] org.apache.jasper.servlet.TldScanner.scanJars At least one JAR was scanned for TLDs yet contained no TLDs. Enable debug logging for this logger for a complete list of JARs that were scanned but no TLDs were found in them. Skipping unneeded JARs during scanning can improve startup time and JSP compilation time.
28-Nov-2015 14:26:49.132 INFO [localhost-startStop-1] org.apache.catalina.startup.HostConfig.deployDirectory Deployment of web application directory /home/ubuntu/桌面/apache-tomcat-8.0.28/webapps/docs has finished in 93 ms
28-Nov-2015 14:26:49.132 INFO [localhost-startStop-1] org.apache.catalina.startup.HostConfig.deployDirectory Deploying web application directory /home/ubuntu/桌面/apache-tomcat-8.0.28/webapps/ROOT
28-Nov-2015 14:26:49.231 INFO [localhost-startStop-1] org.apache.jasper.servlet.TldScanner.scanJars At least one JAR was scanned for TLDs yet contained no TLDs. Enable debug logging for this logger for a complete list of JARs that were scanned but no TLDs were found in them. Skipping unneeded JARs during scanning can improve startup time and JSP compilation time.
28-Nov-2015 14:26:49.233 INFO [localhost-startStop-1] org.apache.catalina.startup.HostConfig.deployDirectory Deployment of web application directory /home/ubuntu/桌面/apache-tomcat-8.0.28/webapps/ROOT has finished in 101 ms
28-Nov-2015 14:26:49.236 INFO [main] org.apache.coyote.AbstractProtocol.start Starting ProtocolHandler ["http-nio-1357"]
28-Nov-2015 14:26:49.248 INFO [main] org.apache.coyote.AbstractProtocol.start Starting ProtocolHandler ["ajp-nio-8009"]
28-Nov-2015 14:26:49.249 INFO [main] org.apache.catalina.startup.Catalina.start Server startup in 1156 ms
28-Nov-2015 14:28:18.288 INFO [main] org.apache.catalina.startup.VersionLoggerListener.log Server version:        Apache Tomcat/8.0.28
28-Nov-2015 14:28:18.290 INFO [main] org.apache.catalina.startup.VersionLoggerListener.log Server built:          Oct 7 2015 18:25:21 UTC
28-Nov-2015 14:28:18.290 INFO [main] org.apache.catalina.startup.VersionLoggerListener.log Server number:         8.0.28.0
28-Nov-2015 14:28:18.290 INFO [main] org.apache.catalina.startup.VersionLoggerListener.log OS Name:               Linux
28-Nov-2015 14:28:18.290 INFO [main] org.apache.catalina.startup.VersionLoggerListener.log OS Version:            4.2.0-16-generic
28-Nov-2015 14:28:18.290 INFO [main] org.apache.catalina.startup.VersionLoggerListener.log Architecture:          amd64
28-Nov-2015 14:28:18.290 INFO [main] org.apache.catalina.startup.VersionLoggerListener.log Java Home:             /home/ubuntu/jdk1.8.0_65/jre
28-Nov-2015 14:28:18.290 INFO [main] org.apache.catalina.startup.VersionLoggerListener.log JVM Version:           1.8.0_65-b17
28-Nov-2015 14:28:18.291 INFO [main] org.apache.catalina.startup.VersionLoggerListener.log JVM Vendor:            Oracle Corporation
28-Nov-2015 14:28:18.291 INFO [main] org.apache.catalina.startup.VersionLoggerListener.log CATALINA_BASE:         /home/ubuntu/桌面/apache-tomcat-8.0.28
28-Nov-2015 14:28:18.291 INFO [main] org.apache.catalina.startup.VersionLoggerListener.log CATALINA_HOME:         /home/ubuntu/桌面/apache-tomcat-8.0.28
28-Nov-2015 14:28:18.291 INFO [main] org.apache.catalina.startup.VersionLoggerListener.log Command line argument: -Djava.util.logging.config.file=/home/ubuntu/桌面/apache-tomcat-8.0.28/conf/logging.properties
28-Nov-2015 14:28:18.291 INFO [main] org.apache.catalina.startup.VersionLoggerListener.log Command line argument: -Djava.util.logging.manager=org.apache.juli.ClassLoaderLogManager
28-Nov-2015 14:28:18.292 INFO [main] org.apache.catalina.startup.VersionLoggerListener.log Command line argument: -Djava.endorsed.dirs=/home/ubuntu/桌面/apache-tomcat-8.0.28/endorsed
28-Nov-2015 14:28:18.292 INFO [main] org.apache.catalina.startup.VersionLoggerListener.log Command line argument: -Dcatalina.base=/home/ubuntu/桌面/apache-tomcat-8.0.28
28-Nov-2015 14:28:18.292 INFO [main] org.apache.catalina.startup.VersionLoggerListener.log Command line argument: -Dcatalina.home=/home/ubuntu/桌面/apache-tomcat-8.0.28
28-Nov-2015 14:28:18.292 INFO [main] org.apache.catalina.startup.VersionLoggerListener.log Command line argument: -Djava.io.tmpdir=/home/ubuntu/桌面/apache-tomcat-8.0.28/temp
28-Nov-2015 14:28:18.292 INFO [main] org.apache.catalina.core.AprLifecycleListener.lifecycleEvent The APR based Apache Tomcat Native library which allows optimal performance in production environments was not found on the java.library.path: /usr/java/packages/lib/amd64:/usr/lib64:/lib64:/lib:/usr/lib
28-Nov-2015 14:28:18.446 INFO [main] org.apache.coyote.AbstractProtocol.init Initializing ProtocolHandler ["http-nio-8080"]
28-Nov-2015 14:28:18.466 INFO [main] org.apache.tomcat.util.net.NioSelectorPool.getSharedSelector Using a shared selector for servlet write/read
28-Nov-2015 14:28:18.468 INFO [main] org.apache.coyote.AbstractProtocol.init Initializing ProtocolHandler ["ajp-nio-8009"]
28-Nov-2015 14:28:18.470 INFO [main] org.apache.tomcat.util.net.NioSelectorPool.getSharedSelector Using a shared selector for servlet write/read
28-Nov-2015 14:28:18.470 INFO [main] org.apache.catalina.startup.Catalina.load Initialization processed in 590 ms
28-Nov-2015 14:28:18.493 INFO [main] org.apache.catalina.core.StandardService.startInternal Starting service Catalina
28-Nov-2015 14:28:18.494 INFO [main] org.apache.catalina.core.StandardEngine.startInternal Starting Servlet Engine: Apache Tomcat/8.0.28
28-Nov-2015 14:28:18.503 INFO [localhost-startStop-1] org.apache.catalina.startup.HostConfig.deployDirectory Deploying web application directory /home/ubuntu/桌面/apache-tomcat-8.0.28/webapps/host-manager
28-Nov-2015 14:28:18.886 INFO [localhost-startStop-1] org.apache.jasper.servlet.TldScanner.scanJars At least one JAR was scanned for TLDs yet contained no TLDs. Enable debug logging for this logger for a complete list of JARs that were scanned but no TLDs were found in them. Skipping unneeded JARs during scanning can improve startup time and JSP compilation time.
28-Nov-2015 14:28:18.939 INFO [localhost-startStop-1] org.apache.catalina.startup.HostConfig.deployDirectory Deployment of web application directory /home/ubuntu/桌面/apache-tomcat-8.0.28/webapps/host-manager has finished in 435 ms
28-Nov-2015 14:28:18.951 INFO [localhost-startStop-1] org.apache.catalina.startup.HostConfig.deployDirectory Deploying web application directory /home/ubuntu/桌面/apache-tomcat-8.0.28/webapps/examples
28-Nov-2015 14:28:19.231 INFO [localhost-startStop-1] org.apache.jasper.servlet.TldScanner.scanJars At least one JAR was scanned for TLDs yet contained no TLDs. Enable debug logging for this logger for a complete list of JARs that were scanned but no TLDs were found in them. Skipping unneeded JARs during scanning can improve startup time and JSP compilation time.
28-Nov-2015 14:28:19.282 INFO [localhost-startStop-1] org.apache.catalina.startup.HostConfig.deployDirectory Deployment of web application directory /home/ubuntu/桌面/apache-tomcat-8.0.28/webapps/examples has finished in 332 ms
28-Nov-2015 14:28:19.282 INFO [localhost-startStop-1] org.apache.catalina.startup.HostConfig.deployDirectory Deploying web application directory /home/ubuntu/桌面/apache-tomcat-8.0.28/webapps/manager
28-Nov-2015 14:28:19.391 INFO [localhost-startStop-1] org.apache.jasper.servlet.TldScanner.scanJars At least one JAR was scanned for TLDs yet contained no TLDs. Enable debug logging for this logger for a complete list of JARs that were scanned but no TLDs were found in them. Skipping unneeded JARs during scanning can improve startup time and JSP compilation time.
28-Nov-2015 14:28:19.393 INFO [localhost-startStop-1] org.apache.catalina.startup.HostConfig.deployDirectory Deployment of web application directory /home/ubuntu/桌面/apache-tomcat-8.0.28/webapps/manager has finished in 111 ms
28-Nov-2015 14:28:19.393 INFO [localhost-startStop-1] org.apache.catalina.startup.HostConfig.deployDirectory Deploying web application directory /home/ubuntu/桌面/apache-tomcat-8.0.28/webapps/docs
28-Nov-2015 14:28:19.476 INFO [localhost-startStop-1] org.apache.jasper.servlet.TldScanner.scanJars At least one JAR was scanned for TLDs yet contained no TLDs. Enable debug logging for this logger for a complete list of JARs that were scanned but no TLDs were found in them. Skipping unneeded JARs during scanning can improve startup time and JSP compilation time.
28-Nov-2015 14:28:19.478 INFO [localhost-startStop-1] org.apache.catalina.startup.HostConfig.deployDirectory Deployment of web application directory /home/ubuntu/桌面/apache-tomcat-8.0.28/webapps/docs has finished in 85 ms
28-Nov-2015 14:28:19.478 INFO [localhost-startStop-1] org.apache.catalina.startup.HostConfig.deployDirectory Deploying web application directory /home/ubuntu/桌面/apache-tomcat-8.0.28/webapps/ROOT
28-Nov-2015 14:28:19.567 INFO [localhost-startStop-1] org.apache.jasper.servlet.TldScanner.scanJars At least one JAR was scanned for TLDs yet contained no TLDs. Enable debug logging for this logger for a complete list of JARs that were scanned but no TLDs were found in them. Skipping unneeded JARs during scanning can improve startup time and JSP compilation time.
28-Nov-2015 14:28:19.569 INFO [localhost-startStop-1] org.apache.catalina.startup.HostConfig.deployDirectory Deployment of web application directory /home/ubuntu/桌面/apache-tomcat-8.0.28/webapps/ROOT has finished in 91 ms
28-Nov-2015 14:28:19.573 INFO [main] org.apache.coyote.AbstractProtocol.start Starting ProtocolHandler ["http-nio-8080"]
28-Nov-2015 14:28:19.596 INFO [main] org.apache.coyote.AbstractProtocol.start Starting ProtocolHandler ["ajp-nio-8009"]
28-Nov-2015 14:28:19.597 INFO [main] org.apache.catalina.startup.Catalina.start Server startup in 1127 ms
28-Nov-2015 14:31:18.962 INFO [main] org.apache.catalina.core.StandardServer.await A valid shutdown command was received via the shutdown port. Stopping the Server instance.
28-Nov-2015 14:31:18.963 INFO [main] org.apache.coyote.AbstractProtocol.pause Pausing ProtocolHandler ["http-nio-8080"]
28-Nov-2015 14:31:19.015 INFO [main] org.apache.coyote.AbstractProtocol.pause Pausing ProtocolHandler ["ajp-nio-8009"]
28-Nov-2015 14:31:19.066 INFO [main] org.apache.catalina.core.StandardService.stopInternal Stopping service Catalina
28-Nov-2015 14:31:19.101 INFO [main] org.apache.coyote.AbstractProtocol.stop Stopping ProtocolHandler ["http-nio-8080"]
28-Nov-2015 14:31:19.167 INFO [main] org.apache.coyote.AbstractProtocol.stop Stopping ProtocolHandler ["ajp-nio-8009"]
28-Nov-2015 14:31:19.168 INFO [main] org.apache.coyote.AbstractProtocol.destroy Destroying ProtocolHandler ["http-nio-8080"]
28-Nov-2015 14:31:19.168 INFO [main] org.apache.coyote.AbstractProtocol.destroy Destroying ProtocolHandler ["ajp-nio-8009"]
28-Nov-2015 14:32:18.260 INFO [main] org.apache.catalina.startup.VersionLoggerListener.log Server version:        Apache Tomcat/8.0.28
28-Nov-2015 14:32:18.263 INFO [main] org.apache.catalina.startup.VersionLoggerListener.log Server built:          Oct 7 2015 18:25:21 UTC
28-Nov-2015 14:32:18.263 INFO [main] org.apache.catalina.startup.VersionLoggerListener.log Server number:         8.0.28.0
28-Nov-2015 14:32:18.263 INFO [main] org.apache.catalina.startup.VersionLoggerListener.log OS Name:               Linux
28-Nov-2015 14:32:18.263 INFO [main] org.apache.catalina.startup.VersionLoggerListener.log OS Version:            4.2.0-16-generic
28-Nov-2015 14:32:18.264 INFO [main] org.apache.catalina.startup.VersionLoggerListener.log Architecture:          amd64
28-Nov-2015 14:32:18.264 INFO [main] org.apache.catalina.startup.VersionLoggerListener.log Java Home:             /home/ubuntu/jdk1.8.0_65/jre
28-Nov-2015 14:32:18.264 INFO [main] org.apache.catalina.startup.VersionLoggerListener.log JVM Version:           1.8.0_65-b17
28-Nov-2015 14:32:18.264 INFO [main] org.apache.catalina.startup.VersionLoggerListener.log JVM Vendor:            Oracle Corporation
28-Nov-2015 14:32:18.264 INFO [main] org.apache.catalina.startup.VersionLoggerListener.log CATALINA_BASE:         /home/ubuntu/桌面/apache-tomcat-8.0.28
28-Nov-2015 14:32:18.264 INFO [main] org.apache.catalina.startup.VersionLoggerListener.log CATALINA_HOME:         /home/ubuntu/桌面/apache-tomcat-8.0.28
28-Nov-2015 14:32:18.265 INFO [main] org.apache.catalina.startup.VersionLoggerListener.log Command line argument: -Djava.util.logging.config.file=/home/ubuntu/桌面/apache-tomcat-8.0.28/conf/logging.properties
28-Nov-2015 14:32:18.265 INFO [main] org.apache.catalina.startup.VersionLoggerListener.log Command line argument: -Djava.util.logging.manager=org.apache.juli.ClassLoaderLogManager
28-Nov-2015 14:32:18.265 INFO [main] org.apache.catalina.startup.VersionLoggerListener.log Command line argument: -Djava.endorsed.dirs=/home/ubuntu/桌面/apache-tomcat-8.0.28/endorsed
28-Nov-2015 14:32:18.265 INFO [main] org.apache.catalina.startup.VersionLoggerListener.log Command line argument: -Dcatalina.base=/home/ubuntu/桌面/apache-tomcat-8.0.28
28-Nov-2015 14:32:18.265 INFO [main] org.apache.catalina.startup.VersionLoggerListener.log Command line argument: -Dcatalina.home=/home/ubuntu/桌面/apache-tomcat-8.0.28
28-Nov-2015 14:32:18.265 INFO [main] org.apache.catalina.startup.VersionLoggerListener.log Command line argument: -Djava.io.tmpdir=/home/ubuntu/桌面/apache-tomcat-8.0.28/temp
28-Nov-2015 14:32:18.265 INFO [main] org.apache.catalina.core.AprLifecycleListener.lifecycleEvent The APR based Apache Tomcat Native library which allows optimal performance in production environments was not found on the java.library.path: /usr/java/packages/lib/amd64:/usr/lib64:/lib64:/lib:/usr/lib
28-Nov-2015 14:32:18.439 INFO [main] org.apache.coyote.AbstractProtocol.init Initializing ProtocolHandler ["http-nio-8080"]
28-Nov-2015 14:32:18.458 INFO [main] org.apache.tomcat.util.net.NioSelectorPool.getSharedSelector Using a shared selector for servlet write/read
28-Nov-2015 14:32:18.460 INFO [main] org.apache.coyote.AbstractProtocol.init Initializing ProtocolHandler ["ajp-nio-8009"]
28-Nov-2015 14:32:18.462 SEVERE [main] org.apache.coyote.AbstractProtocol.init Failed to initialize end point associated with ProtocolHandler ["ajp-nio-8009"]
 java.net.BindException: Address already in use
	at sun.nio.ch.Net.bind0(Native Method)
	at sun.nio.ch.Net.bind(Net.java:433)
	at sun.nio.ch.Net.bind(Net.java:425)
	at sun.nio.ch.ServerSocketChannelImpl.bind(ServerSocketChannelImpl.java:223)
	at sun.nio.ch.ServerSocketAdaptor.bind(ServerSocketAdaptor.java:74)
	at org.apache.tomcat.util.net.NioEndpoint.bind(NioEndpoint.java:340)
	at org.apache.tomcat.util.net.AbstractEndpoint.init(AbstractEndpoint.java:742)
	at org.apache.coyote.AbstractProtocol.init(AbstractProtocol.java:457)
	at org.apache.catalina.connector.Connector.initInternal(Connector.java:960)
	at org.apache.catalina.util.LifecycleBase.init(LifecycleBase.java:102)
	at org.apache.catalina.core.StandardService.initInternal(StandardService.java:567)
	at org.apache.catalina.util.LifecycleBase.init(LifecycleBase.java:102)
	at org.apache.catalina.core.StandardServer.initInternal(StandardServer.java:851)
	at org.apache.catalina.util.LifecycleBase.init(LifecycleBase.java:102)
	at org.apache.catalina.startup.Catalina.load(Catalina.java:576)
	at org.apache.catalina.startup.Catalina.load(Catalina.java:599)
	at sun.reflect.NativeMethodAccessorImpl.invoke0(Native Method)
	at sun.reflect.NativeMethodAccessorImpl.invoke(NativeMethodAccessorImpl.java:62)
	at sun.reflect.DelegatingMethodAccessorImpl.invoke(DelegatingMethodAccessorImpl.java:43)
	at java.lang.reflect.Method.invoke(Method.java:497)
	at org.apache.catalina.startup.Bootstrap.load(Bootstrap.java:310)
	at org.apache.catalina.startup.Bootstrap.main(Bootstrap.java:484)

28-Nov-2015 14:32:18.463 SEVERE [main] org.apache.catalina.core.StandardService.initInternal Failed to initialize connector [Connector[AJP/1.3-8009]]
 org.apache.catalina.LifecycleException: Failed to initialize component [Connector[AJP/1.3-8009]]
	at org.apache.catalina.util.LifecycleBase.init(LifecycleBase.java:106)
	at org.apache.catalina.core.StandardService.initInternal(StandardService.java:567)
	at org.apache.catalina.util.LifecycleBase.init(LifecycleBase.java:102)
	at org.apache.catalina.core.StandardServer.initInternal(StandardServer.java:851)
	at org.apache.catalina.util.LifecycleBase.init(LifecycleBase.java:102)
	at org.apache.catalina.startup.Catalina.load(Catalina.java:576)
	at org.apache.catalina.startup.Catalina.load(Catalina.java:599)
	at sun.reflect.NativeMethodAccessorImpl.invoke0(Native Method)
	at sun.reflect.NativeMethodAccessorImpl.invoke(NativeMethodAccessorImpl.java:62)
	at sun.reflect.DelegatingMethodAccessorImpl.invoke(DelegatingMethodAccessorImpl.java:43)
	at java.lang.reflect.Method.invoke(Method.java:497)
	at org.apache.catalina.startup.Bootstrap.load(Bootstrap.java:310)
	at org.apache.catalina.startup.Bootstrap.main(Bootstrap.java:484)
Caused by: org.apache.catalina.LifecycleException: Protocol handler initialization failed
	at org.apache.catalina.connector.Connector.initInternal(Connector.java:962)
	at org.apache.catalina.util.LifecycleBase.init(LifecycleBase.java:102)
	... 12 more
Caused by: java.net.BindException: Address already in use
	at sun.nio.ch.Net.bind0(Native Method)
	at sun.nio.ch.Net.bind(Net.java:433)
	at sun.nio.ch.Net.bind(Net.java:425)
	at sun.nio.ch.ServerSocketChannelImpl.bind(ServerSocketChannelImpl.java:223)
	at sun.nio.ch.ServerSocketAdaptor.bind(ServerSocketAdaptor.java:74)
	at org.apache.tomcat.util.net.NioEndpoint.bind(NioEndpoint.java:340)
	at org.apache.tomcat.util.net.AbstractEndpoint.init(AbstractEndpoint.java:742)
	at org.apache.coyote.AbstractProtocol.init(AbstractProtocol.java:457)
	at org.apache.catalina.connector.Connector.initInternal(Connector.java:960)
	... 13 more

28-Nov-2015 14:32:18.463 INFO [main] org.apache.catalina.startup.Catalina.load Initialization processed in 651 ms
28-Nov-2015 14:32:18.482 INFO [main] org.apache.catalina.core.StandardService.startInternal Starting service Catalina
28-Nov-2015 14:32:18.482 INFO [main] org.apache.catalina.core.StandardEngine.startInternal Starting Servlet Engine: Apache Tomcat/8.0.28
28-Nov-2015 14:32:18.491 INFO [localhost-startStop-1] org.apache.catalina.startup.HostConfig.deployDirectory Deploying web application directory /home/ubuntu/桌面/apache-tomcat-8.0.28/webapps/host-manager
28-Nov-2015 14:32:18.889 INFO [localhost-startStop-1] org.apache.jasper.servlet.TldScanner.scanJars At least one JAR was scanned for TLDs yet contained no TLDs. Enable debug logging for this logger for a complete list of JARs that were scanned but no TLDs were found in them. Skipping unneeded JARs during scanning can improve startup time and JSP compilation time.
28-Nov-2015 14:32:18.950 INFO [localhost-startStop-1] org.apache.catalina.startup.HostConfig.deployDirectory Deployment of web application directory /home/ubuntu/桌面/apache-tomcat-8.0.28/webapps/host-manager has finished in 459 ms
28-Nov-2015 14:32:18.951 INFO [localhost-startStop-1] org.apache.catalina.startup.HostConfig.deployDirectory Deploying web application directory /home/ubuntu/桌面/apache-tomcat-8.0.28/webapps/examples
28-Nov-2015 14:32:19.279 INFO [localhost-startStop-1] org.apache.jasper.servlet.TldScanner.scanJars At least one JAR was scanned for TLDs yet contained no TLDs. Enable debug logging for this logger for a complete list of JARs that were scanned but no TLDs were found in them. Skipping unneeded JARs during scanning can improve startup time and JSP compilation time.
28-Nov-2015 14:32:19.344 INFO [localhost-startStop-1] org.apache.catalina.startup.HostConfig.deployDirectory Deployment of web application directory /home/ubuntu/桌面/apache-tomcat-8.0.28/webapps/examples has finished in 393 ms
28-Nov-2015 14:32:19.344 INFO [localhost-startStop-1] org.apache.catalina.startup.HostConfig.deployDirectory Deploying web application directory /home/ubuntu/桌面/apache-tomcat-8.0.28/webapps/manager
28-Nov-2015 14:32:19.521 INFO [localhost-startStop-1] org.apache.jasper.servlet.TldScanner.scanJars At least one JAR was scanned for TLDs yet contained no TLDs. Enable debug logging for this logger for a complete list of JARs that were scanned but no TLDs were found in them. Skipping unneeded JARs during scanning can improve startup time and JSP compilation time.
28-Nov-2015 14:32:19.524 INFO [localhost-startStop-1] org.apache.catalina.startup.HostConfig.deployDirectory Deployment of web application directory /home/ubuntu/桌面/apache-tomcat-8.0.28/webapps/manager has finished in 179 ms
28-Nov-2015 14:32:19.524 INFO [localhost-startStop-1] org.apache.catalina.startup.HostConfig.deployDirectory Deploying web application directory /home/ubuntu/桌面/apache-tomcat-8.0.28/webapps/docs
28-Nov-2015 14:32:19.645 INFO [localhost-startStop-1] org.apache.jasper.servlet.TldScanner.scanJars At least one JAR was scanned for TLDs yet contained no TLDs. Enable debug logging for this logger for a complete list of JARs that were scanned but no TLDs were found in them. Skipping unneeded JARs during scanning can improve startup time and JSP compilation time.
28-Nov-2015 14:32:19.648 INFO [localhost-startStop-1] org.apache.catalina.startup.HostConfig.deployDirectory Deployment of web application directory /home/ubuntu/桌面/apache-tomcat-8.0.28/webapps/docs has finished in 124 ms
28-Nov-2015 14:32:19.648 INFO [localhost-startStop-1] org.apache.catalina.startup.HostConfig.deployDirectory Deploying web application directory /home/ubuntu/桌面/apache-tomcat-8.0.28/webapps/ROOT
28-Nov-2015 14:32:19.750 INFO [localhost-startStop-1] org.apache.jasper.servlet.TldScanner.scanJars At least one JAR was scanned for TLDs yet contained no TLDs. Enable debug logging for this logger for a complete list of JARs that were scanned but no TLDs were found in them. Skipping unneeded JARs during scanning can improve startup time and JSP compilation time.
28-Nov-2015 14:32:19.752 INFO [localhost-startStop-1] org.apache.catalina.startup.HostConfig.deployDirectory Deployment of web application directory /home/ubuntu/桌面/apache-tomcat-8.0.28/webapps/ROOT has finished in 103 ms
28-Nov-2015 14:32:19.757 INFO [main] org.apache.coyote.AbstractProtocol.start Starting ProtocolHandler ["http-nio-8080"]
28-Nov-2015 14:32:19.762 INFO [main] org.apache.catalina.startup.Catalina.start Server startup in 1298 ms
28-Nov-2015 14:32:19.771 SEVERE [main] org.apache.catalina.core.StandardServer.await StandardServer.await: create[localhost:8005]: 
 java.net.BindException: Address already in use
	at java.net.PlainSocketImpl.socketBind(Native Method)
	at java.net.AbstractPlainSocketImpl.bind(AbstractPlainSocketImpl.java:387)
	at java.net.ServerSocket.bind(ServerSocket.java:375)
	at java.net.ServerSocket.<init>(ServerSocket.java:237)
	at org.apache.catalina.core.StandardServer.await(StandardServer.java:420)
	at org.apache.catalina.startup.Catalina.await(Catalina.java:713)
	at org.apache.catalina.startup.Catalina.start(Catalina.java:659)
	at sun.reflect.NativeMethodAccessorImpl.invoke0(Native Method)
	at sun.reflect.NativeMethodAccessorImpl.invoke(NativeMethodAccessorImpl.java:62)
	at sun.reflect.DelegatingMethodAccessorImpl.invoke(DelegatingMethodAccessorImpl.java:43)
	at java.lang.reflect.Method.invoke(Method.java:497)
	at org.apache.catalina.startup.Bootstrap.start(Bootstrap.java:351)
	at org.apache.catalina.startup.Bootstrap.main(Bootstrap.java:485)

28-Nov-2015 14:32:19.772 INFO [main] org.apache.coyote.AbstractProtocol.pause Pausing ProtocolHandler ["http-nio-8080"]
28-Nov-2015 14:32:19.824 INFO [main] org.apache.coyote.AbstractProtocol.pause Pausing ProtocolHandler ["ajp-nio-8009"]
28-Nov-2015 14:32:19.825 INFO [main] org.apache.catalina.core.StandardService.stopInternal Stopping service Catalina
28-Nov-2015 14:32:19.855 INFO [main] org.apache.coyote.AbstractProtocol.stop Stopping ProtocolHandler ["http-nio-8080"]
28-Nov-2015 14:32:19.857 INFO [main] org.apache.coyote.AbstractProtocol.destroy Destroying ProtocolHandler ["http-nio-8080"]
28-Nov-2015 14:32:19.857 INFO [main] org.apache.coyote.AbstractProtocol.stop Stopping ProtocolHandler ["ajp-nio-8009"]
28-Nov-2015 14:32:19.857 INFO [main] org.apache.coyote.AbstractProtocol.destroy Destroying ProtocolHandler ["ajp-nio-8009"]
28-Nov-2015 14:33:05.649 INFO [main] org.apache.catalina.startup.VersionLoggerListener.log Server version:        Apache Tomcat/8.0.28
28-Nov-2015 14:33:05.650 INFO [main] org.apache.catalina.startup.VersionLoggerListener.log Server built:          Oct 7 2015 18:25:21 UTC
28-Nov-2015 14:33:05.650 INFO [main] org.apache.catalina.startup.VersionLoggerListener.log Server number:         8.0.28.0
28-Nov-2015 14:33:05.650 INFO [main] org.apache.catalina.startup.VersionLoggerListener.log OS Name:               Linux
28-Nov-2015 14:33:05.650 INFO [main] org.apache.catalina.startup.VersionLoggerListener.log OS Version:            4.2.0-16-generic
28-Nov-2015 14:33:05.651 INFO [main] org.apache.catalina.startup.VersionLoggerListener.log Architecture:          amd64
28-Nov-2015 14:33:05.651 INFO [main] org.apache.catalina.startup.VersionLoggerListener.log Java Home:             /home/ubuntu/jdk1.8.0_65/jre
28-Nov-2015 14:33:05.651 INFO [main] org.apache.catalina.startup.VersionLoggerListener.log JVM Version:           1.8.0_65-b17
28-Nov-2015 14:33:05.651 INFO [main] org.apache.catalina.startup.VersionLoggerListener.log JVM Vendor:            Oracle Corporation
28-Nov-2015 14:33:05.651 INFO [main] org.apache.catalina.startup.VersionLoggerListener.log CATALINA_BASE:         /home/ubuntu/桌面/apache-tomcat-8.0.28
28-Nov-2015 14:33:05.651 INFO [main] org.apache.catalina.startup.VersionLoggerListener.log CATALINA_HOME:         /home/ubuntu/桌面/apache-tomcat-8.0.28
28-Nov-2015 14:33:05.651 INFO [main] org.apache.catalina.startup.VersionLoggerListener.log Command line argument: -Djava.util.logging.config.file=/home/ubuntu/桌面/apache-tomcat-8.0.28/conf/logging.properties
28-Nov-2015 14:33:05.651 INFO [main] org.apache.catalina.startup.VersionLoggerListener.log Command line argument: -Djava.util.logging.manager=org.apache.juli.ClassLoaderLogManager
28-Nov-2015 14:33:05.651 INFO [main] org.apache.catalina.startup.VersionLoggerListener.log Command line argument: -Djava.endorsed.dirs=/home/ubuntu/桌面/apache-tomcat-8.0.28/endorsed
28-Nov-2015 14:33:05.652 INFO [main] org.apache.catalina.startup.VersionLoggerListener.log Command line argument: -Dcatalina.base=/home/ubuntu/桌面/apache-tomcat-8.0.28
28-Nov-2015 14:33:05.652 INFO [main] org.apache.catalina.startup.VersionLoggerListener.log Command line argument: -Dcatalina.home=/home/ubuntu/桌面/apache-tomcat-8.0.28
28-Nov-2015 14:33:05.652 INFO [main] org.apache.catalina.startup.VersionLoggerListener.log Command line argument: -Djava.io.tmpdir=/home/ubuntu/桌面/apache-tomcat-8.0.28/temp
28-Nov-2015 14:33:05.652 INFO [main] org.apache.catalina.core.AprLifecycleListener.lifecycleEvent The APR based Apache Tomcat Native library which allows optimal performance in production environments was not found on the java.library.path: /usr/java/packages/lib/amd64:/usr/lib64:/lib64:/lib:/usr/lib
28-Nov-2015 14:33:05.803 INFO [main] org.apache.coyote.AbstractProtocol.init Initializing ProtocolHandler ["http-nio-8080"]
28-Nov-2015 14:33:05.820 INFO [main] org.apache.tomcat.util.net.NioSelectorPool.getSharedSelector Using a shared selector for servlet write/read
28-Nov-2015 14:33:05.823 INFO [main] org.apache.coyote.AbstractProtocol.init Initializing ProtocolHandler ["ajp-nio-8009"]
28-Nov-2015 14:33:05.824 INFO [main] org.apache.tomcat.util.net.NioSelectorPool.getSharedSelector Using a shared selector for servlet write/read
28-Nov-2015 14:33:05.825 INFO [main] org.apache.catalina.startup.Catalina.load Initialization processed in 625 ms
28-Nov-2015 14:33:05.846 INFO [main] org.apache.catalina.core.StandardService.startInternal Starting service Catalina
28-Nov-2015 14:33:05.847 INFO [main] org.apache.catalina.core.StandardEngine.startInternal Starting Servlet Engine: Apache Tomcat/8.0.28
28-Nov-2015 14:33:05.857 INFO [localhost-startStop-1] org.apache.catalina.startup.HostConfig.deployDirectory Deploying web application directory /home/ubuntu/桌面/apache-tomcat-8.0.28/webapps/host-manager
28-Nov-2015 14:33:06.262 INFO [localhost-startStop-1] org.apache.jasper.servlet.TldScanner.scanJars At least one JAR was scanned for TLDs yet contained no TLDs. Enable debug logging for this logger for a complete list of JARs that were scanned but no TLDs were found in them. Skipping unneeded JARs during scanning can improve startup time and JSP compilation time.
28-Nov-2015 14:33:06.316 INFO [localhost-startStop-1] org.apache.catalina.startup.HostConfig.deployDirectory Deployment of web application directory /home/ubuntu/桌面/apache-tomcat-8.0.28/webapps/host-manager has finished in 459 ms
28-Nov-2015 14:33:06.328 INFO [localhost-startStop-1] org.apache.catalina.startup.HostConfig.deployDirectory Deploying web application directory /home/ubuntu/桌面/apache-tomcat-8.0.28/webapps/examples
28-Nov-2015 14:33:06.624 INFO [localhost-startStop-1] org.apache.jasper.servlet.TldScanner.scanJars At least one JAR was scanned for TLDs yet contained no TLDs. Enable debug logging for this logger for a complete list of JARs that were scanned but no TLDs were found in them. Skipping unneeded JARs during scanning can improve startup time and JSP compilation time.
28-Nov-2015 14:33:06.672 INFO [localhost-startStop-1] org.apache.catalina.startup.HostConfig.deployDirectory Deployment of web application directory /home/ubuntu/桌面/apache-tomcat-8.0.28/webapps/examples has finished in 344 ms
28-Nov-2015 14:33:06.673 INFO [localhost-startStop-1] org.apache.catalina.startup.HostConfig.deployDirectory Deploying web application directory /home/ubuntu/桌面/apache-tomcat-8.0.28/webapps/manager
28-Nov-2015 14:33:06.759 INFO [localhost-startStop-1] org.apache.jasper.servlet.TldScanner.scanJars At least one JAR was scanned for TLDs yet contained no TLDs. Enable debug logging for this logger for a complete list of JARs that were scanned but no TLDs were found in them. Skipping unneeded JARs during scanning can improve startup time and JSP compilation time.
28-Nov-2015 14:33:06.762 INFO [localhost-startStop-1] org.apache.catalina.startup.HostConfig.deployDirectory Deployment of web application directory /home/ubuntu/桌面/apache-tomcat-8.0.28/webapps/manager has finished in 90 ms
28-Nov-2015 14:33:06.762 INFO [localhost-startStop-1] org.apache.catalina.startup.HostConfig.deployDirectory Deploying web application directory /home/ubuntu/桌面/apache-tomcat-8.0.28/webapps/docs
28-Nov-2015 14:33:06.854 INFO [localhost-startStop-1] org.apache.jasper.servlet.TldScanner.scanJars At least one JAR was scanned for TLDs yet contained no TLDs. Enable debug logging for this logger for a complete list of JARs that were scanned but no TLDs were found in them. Skipping unneeded JARs during scanning can improve startup time and JSP compilation time.
28-Nov-2015 14:33:06.857 INFO [localhost-startStop-1] org.apache.catalina.startup.HostConfig.deployDirectory Deployment of web application directory /home/ubuntu/桌面/apache-tomcat-8.0.28/webapps/docs has finished in 94 ms
28-Nov-2015 14:33:06.857 INFO [localhost-startStop-1] org.apache.catalina.startup.HostConfig.deployDirectory Deploying web application directory /home/ubuntu/桌面/apache-tomcat-8.0.28/webapps/ROOT
28-Nov-2015 14:33:06.958 INFO [localhost-startStop-1] org.apache.jasper.servlet.TldScanner.scanJars At least one JAR was scanned for TLDs yet contained no TLDs. Enable debug logging for this logger for a complete list of JARs that were scanned but no TLDs were found in them. Skipping unneeded JARs during scanning can improve startup time and JSP compilation time.
28-Nov-2015 14:33:06.959 INFO [localhost-startStop-1] org.apache.catalina.startup.HostConfig.deployDirectory Deployment of web application directory /home/ubuntu/桌面/apache-tomcat-8.0.28/webapps/ROOT has finished in 102 ms
28-Nov-2015 14:33:06.962 INFO [main] org.apache.coyote.AbstractProtocol.start Starting ProtocolHandler ["http-nio-8080"]
28-Nov-2015 14:33:06.972 INFO [main] org.apache.coyote.AbstractProtocol.start Starting ProtocolHandler ["ajp-nio-8009"]
28-Nov-2015 14:33:06.973 INFO [main] org.apache.catalina.startup.Catalina.start Server startup in 1147 ms
28-Nov-2015 14:40:08.759 INFO [main] org.apache.catalina.startup.VersionLoggerListener.log Server version:        Apache Tomcat/8.0.28
28-Nov-2015 14:40:08.761 INFO [main] org.apache.catalina.startup.VersionLoggerListener.log Server built:          Oct 7 2015 18:25:21 UTC
28-Nov-2015 14:40:08.761 INFO [main] org.apache.catalina.startup.VersionLoggerListener.log Server number:         8.0.28.0
28-Nov-2015 14:40:08.761 INFO [main] org.apache.catalina.startup.VersionLoggerListener.log OS Name:               Linux
28-Nov-2015 14:40:08.761 INFO [main] org.apache.catalina.startup.VersionLoggerListener.log OS Version:            4.2.0-16-generic
28-Nov-2015 14:40:08.761 INFO [main] org.apache.catalina.startup.VersionLoggerListener.log Architecture:          amd64
28-Nov-2015 14:40:08.761 INFO [main] org.apache.catalina.startup.VersionLoggerListener.log Java Home:             /home/ubuntu/jdk1.8.0_65/jre
28-Nov-2015 14:40:08.761 INFO [main] org.apache.catalina.startup.VersionLoggerListener.log JVM Version:           1.8.0_65-b17
28-Nov-2015 14:40:08.762 INFO [main] org.apache.catalina.startup.VersionLoggerListener.log JVM Vendor:            Oracle Corporation
28-Nov-2015 14:40:08.762 INFO [main] org.apache.catalina.startup.VersionLoggerListener.log CATALINA_BASE:         /home/ubuntu/桌面/apache-tomcat-8.0.28
28-Nov-2015 14:40:08.762 INFO [main] org.apache.catalina.startup.VersionLoggerListener.log CATALINA_HOME:         /home/ubuntu/桌面/apache-tomcat-8.0.28
28-Nov-2015 14:40:08.762 INFO [main] org.apache.catalina.startup.VersionLoggerListener.log Command line argument: -Djava.util.logging.config.file=/home/ubuntu/桌面/apache-tomcat-8.0.28/conf/logging.properties
28-Nov-2015 14:40:08.762 INFO [main] org.apache.catalina.startup.VersionLoggerListener.log Command line argument: -Djava.util.logging.manager=org.apache.juli.ClassLoaderLogManager
28-Nov-2015 14:40:08.763 INFO [main] org.apache.catalina.startup.VersionLoggerListener.log Command line argument: -Djava.endorsed.dirs=/home/ubuntu/桌面/apache-tomcat-8.0.28/endorsed
28-Nov-2015 14:40:08.763 INFO [main] org.apache.catalina.startup.VersionLoggerListener.log Command line argument: -Dcatalina.base=/home/ubuntu/桌面/apache-tomcat-8.0.28
28-Nov-2015 14:40:08.763 INFO [main] org.apache.catalina.startup.VersionLoggerListener.log Command line argument: -Dcatalina.home=/home/ubuntu/桌面/apache-tomcat-8.0.28
28-Nov-2015 14:40:08.763 INFO [main] org.apache.catalina.startup.VersionLoggerListener.log Command line argument: -Djava.io.tmpdir=/home/ubuntu/桌面/apache-tomcat-8.0.28/temp
28-Nov-2015 14:40:08.763 INFO [main] org.apache.catalina.core.AprLifecycleListener.lifecycleEvent The APR based Apache Tomcat Native library which allows optimal performance in production environments was not found on the java.library.path: /usr/java/packages/lib/amd64:/usr/lib64:/lib64:/lib:/usr/lib
28-Nov-2015 14:40:08.971 INFO [main] org.apache.coyote.AbstractProtocol.init Initializing ProtocolHandler ["http-nio-8080"]
28-Nov-2015 14:40:08.994 INFO [main] org.apache.tomcat.util.net.NioSelectorPool.getSharedSelector Using a shared selector for servlet write/read
28-Nov-2015 14:40:08.998 INFO [main] org.apache.coyote.AbstractProtocol.init Initializing ProtocolHandler ["ajp-nio-8009"]
28-Nov-2015 14:40:09.000 INFO [main] org.apache.tomcat.util.net.NioSelectorPool.getSharedSelector Using a shared selector for servlet write/read
28-Nov-2015 14:40:09.002 INFO [main] org.apache.catalina.startup.Catalina.load Initialization processed in 685 ms
28-Nov-2015 14:40:09.029 INFO [main] org.apache.catalina.core.StandardService.startInternal Starting service Catalina
28-Nov-2015 14:40:09.029 INFO [main] org.apache.catalina.core.StandardEngine.startInternal Starting Servlet Engine: Apache Tomcat/8.0.28
28-Nov-2015 14:40:09.041 INFO [localhost-startStop-1] org.apache.catalina.startup.HostConfig.deployDirectory Deploying web application directory /home/ubuntu/桌面/apache-tomcat-8.0.28/webapps/host-manager
28-Nov-2015 14:40:09.475 INFO [localhost-startStop-1] org.apache.jasper.servlet.TldScanner.scanJars At least one JAR was scanned for TLDs yet contained no TLDs. Enable debug logging for this logger for a complete list of JARs that were scanned but no TLDs were found in them. Skipping unneeded JARs during scanning can improve startup time and JSP compilation time.
28-Nov-2015 14:40:09.532 INFO [localhost-startStop-1] org.apache.catalina.startup.HostConfig.deployDirectory Deployment of web application directory /home/ubuntu/桌面/apache-tomcat-8.0.28/webapps/host-manager has finished in 490 ms
28-Nov-2015 14:40:09.532 INFO [localhost-startStop-1] org.apache.catalina.startup.HostConfig.deployDirectory Deploying web application directory /home/ubuntu/桌面/apache-tomcat-8.0.28/webapps/examples
28-Nov-2015 14:40:09.853 INFO [localhost-startStop-1] org.apache.jasper.servlet.TldScanner.scanJars At least one JAR was scanned for TLDs yet contained no TLDs. Enable debug logging for this logger for a complete list of JARs that were scanned but no TLDs were found in them. Skipping unneeded JARs during scanning can improve startup time and JSP compilation time.
28-Nov-2015 14:40:09.911 INFO [localhost-startStop-1] org.apache.catalina.startup.HostConfig.deployDirectory Deployment of web application directory /home/ubuntu/桌面/apache-tomcat-8.0.28/webapps/examples has finished in 379 ms
28-Nov-2015 14:40:09.911 INFO [localhost-startStop-1] org.apache.catalina.startup.HostConfig.deployDirectory Deploying web application directory /home/ubuntu/桌面/apache-tomcat-8.0.28/webapps/manager
28-Nov-2015 14:40:10.000 INFO [localhost-startStop-1] org.apache.jasper.servlet.TldScanner.scanJars At least one JAR was scanned for TLDs yet contained no TLDs. Enable debug logging for this logger for a complete list of JARs that were scanned but no TLDs were found in them. Skipping unneeded JARs during scanning can improve startup time and JSP compilation time.
28-Nov-2015 14:40:10.003 INFO [localhost-startStop-1] org.apache.catalina.startup.HostConfig.deployDirectory Deployment of web application directory /home/ubuntu/桌面/apache-tomcat-8.0.28/webapps/manager has finished in 91 ms
28-Nov-2015 14:40:10.003 INFO [localhost-startStop-1] org.apache.catalina.startup.HostConfig.deployDirectory Deploying web application directory /home/ubuntu/桌面/apache-tomcat-8.0.28/webapps/docs
28-Nov-2015 14:40:10.109 INFO [localhost-startStop-1] org.apache.jasper.servlet.TldScanner.scanJars At least one JAR was scanned for TLDs yet contained no TLDs. Enable debug logging for this logger for a complete list of JARs that were scanned but no TLDs were found in them. Skipping unneeded JARs during scanning can improve startup time and JSP compilation time.
28-Nov-2015 14:40:10.111 INFO [localhost-startStop-1] org.apache.catalina.startup.HostConfig.deployDirectory Deployment of web application directory /home/ubuntu/桌面/apache-tomcat-8.0.28/webapps/docs has finished in 108 ms
28-Nov-2015 14:40:10.111 INFO [localhost-startStop-1] org.apache.catalina.startup.HostConfig.deployDirectory Deploying web application directory /home/ubuntu/桌面/apache-tomcat-8.0.28/webapps/ROOT
28-Nov-2015 14:40:10.195 INFO [localhost-startStop-1] org.apache.jasper.servlet.TldScanner.scanJars At least one JAR was scanned for TLDs yet contained no TLDs. Enable debug logging for this logger for a complete list of JARs that were scanned but no TLDs were found in them. Skipping unneeded JARs during scanning can improve startup time and JSP compilation time.
28-Nov-2015 14:40:10.197 INFO [localhost-startStop-1] org.apache.catalina.startup.HostConfig.deployDirectory Deployment of web application directory /home/ubuntu/桌面/apache-tomcat-8.0.28/webapps/ROOT has finished in 85 ms
28-Nov-2015 14:40:10.200 INFO [main] org.apache.coyote.AbstractProtocol.start Starting ProtocolHandler ["http-nio-8080"]
28-Nov-2015 14:40:10.220 INFO [main] org.apache.coyote.AbstractProtocol.start Starting ProtocolHandler ["ajp-nio-8009"]
28-Nov-2015 14:40:10.227 INFO [main] org.apache.catalina.startup.Catalina.start Server startup in 1224 ms
